<?xml version="1.0" encoding="UTF-8"?>
<!-- Generated by org.testng.reporters.JUnitReportReporter -->
<testsuite hostname="LAPTOP-LLBG2SR6" failures="0" tests="4" name="com.test.TestngBasics" time="0.029" errors="0" timestamp="2024-02-24T10:06:01 IST" skipped="0">
  <testcase classname="com.test.TestngBasics" name="TestCase2" time="0.003"/>
  <system-out/>
  <testcase classname="com.test.TestngBasics" name="TestCase" time="0.011"/>
  <system-out/>
  <testcase classname="com.test.TestngBasics" name="TestCase3" time="0.006"/>
  <system-out/>
  <testcase classname="com.test.TestngBasics" name="TestCase4" time="0.009"/>
  <system-out/>
</testsuite> <!-- com.test.TestngBasics -->
