<?xml version="1.0" encoding="UTF-8"?>
<!-- Generated by org.testng.reporters.JUnitReportReporter -->
<testsuite hostname="LAPTOP-LLBG2SR6" failures="0" tests="8" name="com.test.TestNGFeatures" time="0.179" errors="0" timestamp="2024-01-26T20:06:58 IST" skipped="0">
  <testcase classname="com.test.TestNGFeatures" name="TestCase3" time="0.058"/>
  <system-out/>
  <testcase classname="com.test.TestNGFeatures" name="TestCase2" time="0.006"/>
  <system-out/>
  <testcase classname="com.test.TestNGFeatures" name="TestCase3" time="0.016"/>
  <system-out/>
  <testcase classname="com.test.TestNGFeatures" name="TestCase4" time="0.007"/>
  <system-out/>
  <testcase classname="com.test.TestNGFeatures" name="TestCase3" time="0.038"/>
  <system-out/>
  <testcase classname="com.test.TestNGFeatures" name="TestCase3" time="0.012"/>
  <system-out/>
  <testcase classname="com.test.TestNGFeatures" name="TestCase" time="0.033"/>
  <system-out/>
  <testcase classname="com.test.TestNGFeatures" name="TestCase3" time="0.009"/>
  <system-out/>
</testsuite> <!-- com.test.TestNGFeatures -->
