<?xml version="1.0" encoding="UTF-8"?>
<!-- Generated by org.testng.reporters.JUnitReportReporter -->
<testsuite hostname="LAPTOP-LLBG2SR6" failures="0" tests="1" name="com.test.GoogleTest" time="9.014" errors="0" timestamp="2024-01-27T19:50:46 IST" skipped="0">
  <testcase classname="com.test.GoogleTest" name="DynamicTable" time="9.014"/>
  <system-out/>
</testsuite> <!-- com.test.GoogleTest -->
